{"C:\\Users\\georg\\OneDrive\\Desktop\\mevn--e-commerce-pwa--ml\\frontend\\olex_vue\\backend\\index.js": {"path":"C:\\Users\\georg\\OneDrive\\Desktop\\mevn--e-commerce-pwa--ml\\frontend\\olex_vue\\backend\\index.js","statementMap":{"0":{"start":{"line":1,"column":16},"end":{"line":1,"column":34}},"1":{"start":{"line":2,"column":13},"end":{"line":2,"column":28}},"2":{"start":{"line":3,"column":12},"end":{"line":3,"column":21}},"3":{"start":{"line":4,"column":14},"end":{"line":4,"column":32}},"4":{"start":{"line":6,"column":13},"end":{"line":6,"column":28}},"5":{"start":{"line":8,"column":0},"end":{"line":8,"column":31}},"6":{"start":{"line":10,"column":0},"end":{"line":10,"column":24}},"7":{"start":{"line":11,"column":0},"end":{"line":11,"column":49}},"8":{"start":{"line":13,"column":0},"end":{"line":13,"column":67}},"9":{"start":{"line":16,"column":0},"end":{"line":16,"column":31}},"10":{"start":{"line":17,"column":0},"end":{"line":17,"column":33}},"11":{"start":{"line":18,"column":0},"end":{"line":18,"column":30}},"12":{"start":{"line":19,"column":0},"end":{"line":19,"column":26}},"13":{"start":{"line":22,"column":13},"end":{"line":22,"column":37}},"14":{"start":{"line":23,"column":15},"end":{"line":25,"column":1}},"15":{"start":{"line":24,"column":1},"end":{"line":24,"column":45}},"16":{"start":{"line":27,"column":0},"end":{"line":27,"column":24}}},"fnMap":{"0":{"name":"(anonymous_0)","decl":{"start":{"line":23,"column":32},"end":{"line":23,"column":33}},"loc":{"start":{"line":24,"column":1},"end":{"line":24,"column":45}},"line":24}},"branchMap":{"0":{"loc":{"start":{"line":22,"column":13},"end":{"line":22,"column":37}},"type":"binary-expr","locations":[{"start":{"line":22,"column":13},"end":{"line":22,"column":29}},{"start":{"line":22,"column":33},"end":{"line":22,"column":37}}],"line":22}},"s":{"0":2,"1":2,"2":2,"3":2,"4":2,"5":2,"6":2,"7":2,"8":2,"9":2,"10":2,"11":2,"12":2,"13":2,"14":2,"15":2,"16":2},"f":{"0":2},"b":{"0":[2,2]},"_coverageSchema":"1a1c01bbd47fc00a2c39e90264f33305004495a9","hash":"88b6fffa6f9f3ab98964c3f8af8be19cfffe8515"}
,"C:\\Users\\georg\\OneDrive\\Desktop\\mevn--e-commerce-pwa--ml\\frontend\\olex_vue\\backend\\middleware\\admin.js": {"path":"C:\\Users\\georg\\OneDrive\\Desktop\\mevn--e-commerce-pwa--ml\\frontend\\olex_vue\\backend\\middleware\\admin.js","statementMap":{"0":{"start":{"line":1,"column":0},"end":{"line":8,"column":2}},"1":{"start":{"line":4,"column":1},"end":{"line":5,"column":61}},"2":{"start":{"line":5,"column":2},"end":{"line":5,"column":61}},"3":{"start":{"line":7,"column":1},"end":{"line":7,"column":8}}},"fnMap":{"0":{"name":"(anonymous_0)","decl":{"start":{"line":1,"column":17},"end":{"line":1,"column":18}},"loc":{"start":{"line":1,"column":43},"end":{"line":8,"column":1}},"line":1}},"branchMap":{"0":{"loc":{"start":{"line":4,"column":1},"end":{"line":5,"column":61}},"type":"if","locations":[{"start":{"line":4,"column":1},"end":{"line":5,"column":61}},{"start":{},"end":{}}],"line":4}},"s":{"0":2,"1":6,"2":1,"3":5},"f":{"0":6},"b":{"0":[1,5]},"_coverageSchema":"1a1c01bbd47fc00a2c39e90264f33305004495a9","hash":"8550edf41c92623012253197441a7c362a17be7b"}
,"C:\\Users\\georg\\OneDrive\\Desktop\\mevn--e-commerce-pwa--ml\\frontend\\olex_vue\\backend\\middleware\\auth.js": {"path":"C:\\Users\\georg\\OneDrive\\Desktop\\mevn--e-commerce-pwa--ml\\frontend\\olex_vue\\backend\\middleware\\auth.js","statementMap":{"0":{"start":{"line":1,"column":12},"end":{"line":1,"column":35}},"1":{"start":{"line":2,"column":15},"end":{"line":2,"column":32}},"2":{"start":{"line":4,"column":0},"end":{"line":15,"column":2}},"3":{"start":{"line":5,"column":15},"end":{"line":5,"column":41}},"4":{"start":{"line":6,"column":1},"end":{"line":6,"column":77}},"5":{"start":{"line":6,"column":13},"end":{"line":6,"column":77}},"6":{"start":{"line":8,"column":1},"end":{"line":14,"column":2}},"7":{"start":{"line":9,"column":18},"end":{"line":9,"column":64}},"8":{"start":{"line":10,"column":2},"end":{"line":10,"column":21}},"9":{"start":{"line":11,"column":2},"end":{"line":11,"column":9}},"10":{"start":{"line":13,"column":2},"end":{"line":13,"column":41}}},"fnMap":{"0":{"name":"(anonymous_0)","decl":{"start":{"line":4,"column":17},"end":{"line":4,"column":18}},"loc":{"start":{"line":4,"column":43},"end":{"line":15,"column":1}},"line":4}},"branchMap":{"0":{"loc":{"start":{"line":6,"column":1},"end":{"line":6,"column":77}},"type":"if","locations":[{"start":{"line":6,"column":1},"end":{"line":6,"column":77}},{"start":{},"end":{}}],"line":6}},"s":{"0":3,"1":3,"2":3,"3":10,"4":10,"5":2,"6":8,"7":8,"8":7,"9":7,"10":1},"f":{"0":10},"b":{"0":[2,8]},"_coverageSchema":"1a1c01bbd47fc00a2c39e90264f33305004495a9","hash":"8db6677acf28d8ac40860bdd2c14a02c8a2ad9e9"}
,"C:\\Users\\georg\\OneDrive\\Desktop\\mevn--e-commerce-pwa--ml\\frontend\\olex_vue\\backend\\middleware\\error.js": {"path":"C:\\Users\\georg\\OneDrive\\Desktop\\mevn--e-commerce-pwa--ml\\frontend\\olex_vue\\backend\\middleware\\error.js","statementMap":{"0":{"start":{"line":1,"column":16},"end":{"line":1,"column":34}},"1":{"start":{"line":3,"column":0},"end":{"line":6,"column":2}},"2":{"start":{"line":4,"column":1},"end":{"line":4,"column":33}},"3":{"start":{"line":5,"column":1},"end":{"line":5,"column":43}}},"fnMap":{"0":{"name":"(anonymous_0)","decl":{"start":{"line":3,"column":17},"end":{"line":3,"column":18}},"loc":{"start":{"line":3,"column":48},"end":{"line":6,"column":1}},"line":3}},"branchMap":{},"s":{"0":2,"1":2,"2":0,"3":0},"f":{"0":0},"b":{},"_coverageSchema":"1a1c01bbd47fc00a2c39e90264f33305004495a9","hash":"bab63e7229d5e6e48fdeccb42456cb8aaa72476f"}
,"C:\\Users\\georg\\OneDrive\\Desktop\\mevn--e-commerce-pwa--ml\\frontend\\olex_vue\\backend\\middleware\\validateObjectId.js": {"path":"C:\\Users\\georg\\OneDrive\\Desktop\\mevn--e-commerce-pwa--ml\\frontend\\olex_vue\\backend\\middleware\\validateObjectId.js","statementMap":{"0":{"start":{"line":1,"column":17},"end":{"line":1,"column":36}},"1":{"start":{"line":3,"column":0},"end":{"line":8,"column":2}},"2":{"start":{"line":4,"column":1},"end":{"line":5,"column":45}},"3":{"start":{"line":5,"column":2},"end":{"line":5,"column":45}},"4":{"start":{"line":7,"column":1},"end":{"line":7,"column":8}}},"fnMap":{"0":{"name":"(anonymous_0)","decl":{"start":{"line":3,"column":17},"end":{"line":3,"column":18}},"loc":{"start":{"line":3,"column":43},"end":{"line":8,"column":1}},"line":3}},"branchMap":{"0":{"loc":{"start":{"line":4,"column":1},"end":{"line":5,"column":45}},"type":"if","locations":[{"start":{"line":4,"column":1},"end":{"line":5,"column":45}},{"start":{},"end":{}}],"line":4}},"s":{"0":2,"1":2,"2":2,"3":1,"4":1},"f":{"0":2},"b":{"0":[1,1]},"_coverageSchema":"1a1c01bbd47fc00a2c39e90264f33305004495a9","hash":"ffef212bba41ad68428c11dc59c872d4a2e18c2a"}
,"C:\\Users\\georg\\OneDrive\\Desktop\\mevn--e-commerce-pwa--ml\\frontend\\olex_vue\\backend\\models\\categories.js": {"path":"C:\\Users\\georg\\OneDrive\\Desktop\\mevn--e-commerce-pwa--ml\\frontend\\olex_vue\\backend\\models\\categories.js","statementMap":{"0":{"start":{"line":1,"column":17},"end":{"line":1,"column":36}},"1":{"start":{"line":2,"column":12},"end":{"line":2,"column":26}},"2":{"start":{"line":4,"column":25},"end":{"line":11,"column":2}},"3":{"start":{"line":13,"column":19},"end":{"line":13,"column":65}},"4":{"start":{"line":15,"column":27},"end":{"line":20,"column":1}},"5":{"start":{"line":16,"column":16},"end":{"line":18,"column":3}},"6":{"start":{"line":19,"column":1},"end":{"line":19,"column":36}},"7":{"start":{"line":22,"column":0},"end":{"line":22,"column":32}},"8":{"start":{"line":23,"column":0},"end":{"line":23,"column":38}}},"fnMap":{"0":{"name":"(anonymous_0)","decl":{"start":{"line":15,"column":27},"end":{"line":15,"column":28}},"loc":{"start":{"line":15,"column":43},"end":{"line":20,"column":1}},"line":15}},"branchMap":{},"s":{"0":2,"1":2,"2":2,"3":2,"4":2,"5":5,"6":5,"7":2,"8":2},"f":{"0":5},"b":{},"_coverageSchema":"1a1c01bbd47fc00a2c39e90264f33305004495a9","hash":"8b6140ed5f7ef3d53cc58a64e597a098313793e0"}
,"C:\\Users\\georg\\OneDrive\\Desktop\\mevn--e-commerce-pwa--ml\\frontend\\olex_vue\\backend\\models\\products.js": {"path":"C:\\Users\\georg\\OneDrive\\Desktop\\mevn--e-commerce-pwa--ml\\frontend\\olex_vue\\backend\\models\\products.js","statementMap":{"0":{"start":{"line":1,"column":12},"end":{"line":1,"column":26}},"1":{"start":{"line":2,"column":17},"end":{"line":2,"column":36}},"2":{"start":{"line":4,"column":23},"end":{"line":34,"column":2}},"3":{"start":{"line":36,"column":17},"end":{"line":36,"column":59}},"4":{"start":{"line":38,"column":25},"end":{"line":47,"column":1}},"5":{"start":{"line":39,"column":16},"end":{"line":45,"column":3}},"6":{"start":{"line":46,"column":1},"end":{"line":46,"column":34}},"7":{"start":{"line":49,"column":0},"end":{"line":49,"column":28}},"8":{"start":{"line":50,"column":0},"end":{"line":50,"column":36}}},"fnMap":{"0":{"name":"(anonymous_0)","decl":{"start":{"line":38,"column":25},"end":{"line":38,"column":26}},"loc":{"start":{"line":38,"column":39},"end":{"line":47,"column":1}},"line":38}},"branchMap":{},"s":{"0":2,"1":2,"2":2,"3":2,"4":2,"5":0,"6":0,"7":2,"8":2},"f":{"0":0},"b":{},"_coverageSchema":"1a1c01bbd47fc00a2c39e90264f33305004495a9","hash":"435084c56b7411fea77c282d9b382d9cff3147e5"}
,"C:\\Users\\georg\\OneDrive\\Desktop\\mevn--e-commerce-pwa--ml\\frontend\\olex_vue\\backend\\models\\search.js": {"path":"C:\\Users\\georg\\OneDrive\\Desktop\\mevn--e-commerce-pwa--ml\\frontend\\olex_vue\\backend\\models\\search.js","statementMap":{"0":{"start":{"line":1,"column":17},"end":{"line":1,"column":36}},"1":{"start":{"line":2,"column":12},"end":{"line":2,"column":26}},"2":{"start":{"line":4,"column":21},"end":{"line":13,"column":2}},"3":{"start":{"line":15,"column":21},"end":{"line":15,"column":65}},"4":{"start":{"line":17,"column":23},"end":{"line":24,"column":1}},"5":{"start":{"line":18,"column":16},"end":{"line":21,"column":3}},"6":{"start":{"line":23,"column":1},"end":{"line":23,"column":32}},"7":{"start":{"line":26,"column":0},"end":{"line":26,"column":36}},"8":{"start":{"line":27,"column":0},"end":{"line":27,"column":34}}},"fnMap":{"0":{"name":"(anonymous_0)","decl":{"start":{"line":17,"column":23},"end":{"line":17,"column":24}},"loc":{"start":{"line":17,"column":35},"end":{"line":24,"column":1}},"line":17}},"branchMap":{},"s":{"0":2,"1":2,"2":2,"3":2,"4":2,"5":0,"6":0,"7":2,"8":2},"f":{"0":0},"b":{},"_coverageSchema":"1a1c01bbd47fc00a2c39e90264f33305004495a9","hash":"a22adfdfa53caf035d4ce83ee30011eb0d3c150c"}
,"C:\\Users\\georg\\OneDrive\\Desktop\\mevn--e-commerce-pwa--ml\\frontend\\olex_vue\\backend\\models\\users.js": {"path":"C:\\Users\\georg\\OneDrive\\Desktop\\mevn--e-commerce-pwa--ml\\frontend\\olex_vue\\backend\\models\\users.js","statementMap":{"0":{"start":{"line":1,"column":15},"end":{"line":1,"column":32}},"1":{"start":{"line":2,"column":12},"end":{"line":2,"column":35}},"2":{"start":{"line":3,"column":12},"end":{"line":3,"column":26}},"3":{"start":{"line":4,"column":17},"end":{"line":4,"column":36}},"4":{"start":{"line":6,"column":19},"end":{"line":48,"column":2}},"5":{"start":{"line":50,"column":0},"end":{"line":56,"column":2}},"6":{"start":{"line":51,"column":15},"end":{"line":54,"column":2}},"7":{"start":{"line":55,"column":1},"end":{"line":55,"column":14}},"8":{"start":{"line":58,"column":13},"end":{"line":58,"column":47}},"9":{"start":{"line":60,"column":21},"end":{"line":73,"column":1}},"10":{"start":{"line":61,"column":16},"end":{"line":70,"column":3}},"11":{"start":{"line":72,"column":1},"end":{"line":72,"column":30}},"12":{"start":{"line":75,"column":0},"end":{"line":75,"column":20}},"13":{"start":{"line":76,"column":0},"end":{"line":76,"column":32}}},"fnMap":{"0":{"name":"(anonymous_0)","decl":{"start":{"line":50,"column":39},"end":{"line":50,"column":40}},"loc":{"start":{"line":50,"column":51},"end":{"line":56,"column":1}},"line":50},"1":{"name":"(anonymous_1)","decl":{"start":{"line":60,"column":21},"end":{"line":60,"column":22}},"loc":{"start":{"line":60,"column":31},"end":{"line":73,"column":1}},"line":60}},"branchMap":{},"s":{"0":4,"1":4,"2":4,"3":4,"4":4,"5":4,"6":10,"7":10,"8":4,"9":4,"10":0,"11":0,"12":4,"13":4},"f":{"0":10,"1":0},"b":{},"_coverageSchema":"1a1c01bbd47fc00a2c39e90264f33305004495a9","hash":"c8547135a56d66c1f43edba61eecba4f2192de9b"}
,"C:\\Users\\georg\\OneDrive\\Desktop\\mevn--e-commerce-pwa--ml\\frontend\\olex_vue\\backend\\models\\ml\\ml_results.js": {"path":"C:\\Users\\georg\\OneDrive\\Desktop\\mevn--e-commerce-pwa--ml\\frontend\\olex_vue\\backend\\models\\ml\\ml_results.js","statementMap":{"0":{"start":{"line":1,"column":12},"end":{"line":1,"column":26}},"1":{"start":{"line":2,"column":17},"end":{"line":2,"column":36}},"2":{"start":{"line":4,"column":24},"end":{"line":13,"column":2}},"3":{"start":{"line":15,"column":18},"end":{"line":15,"column":62}},"4":{"start":{"line":17,"column":26},"end":{"line":23,"column":1}},"5":{"start":{"line":18,"column":16},"end":{"line":21,"column":3}},"6":{"start":{"line":22,"column":1},"end":{"line":22,"column":35}},"7":{"start":{"line":25,"column":0},"end":{"line":25,"column":30}},"8":{"start":{"line":26,"column":0},"end":{"line":26,"column":37}}},"fnMap":{"0":{"name":"(anonymous_0)","decl":{"start":{"line":17,"column":26},"end":{"line":17,"column":27}},"loc":{"start":{"line":17,"column":41},"end":{"line":23,"column":1}},"line":17}},"branchMap":{},"s":{"0":2,"1":2,"2":2,"3":2,"4":2,"5":0,"6":0,"7":2,"8":2},"f":{"0":0},"b":{},"_coverageSchema":"1a1c01bbd47fc00a2c39e90264f33305004495a9","hash":"34a387a53f7fec17ed8c7cecd44b4a358a4c4e11"}
,"C:\\Users\\georg\\OneDrive\\Desktop\\mevn--e-commerce-pwa--ml\\frontend\\olex_vue\\backend\\routes\\auth.js": {"path":"C:\\Users\\georg\\OneDrive\\Desktop\\mevn--e-commerce-pwa--ml\\frontend\\olex_vue\\backend\\routes\\auth.js","statementMap":{"0":{"start":{"line":1,"column":12},"end":{"line":1,"column":26}},"1":{"start":{"line":2,"column":15},"end":{"line":2,"column":32}},"2":{"start":{"line":3,"column":17},"end":{"line":3,"column":43}},"3":{"start":{"line":4,"column":16},"end":{"line":4,"column":34}},"4":{"start":{"line":5,"column":15},"end":{"line":5,"column":31}},"5":{"start":{"line":8,"column":0},"end":{"line":24,"column":3}},"6":{"start":{"line":9,"column":19},"end":{"line":9,"column":37}},"7":{"start":{"line":10,"column":1},"end":{"line":10,"column":66}},"8":{"start":{"line":10,"column":12},"end":{"line":10,"column":66}},"9":{"start":{"line":12,"column":12},"end":{"line":12,"column":57}},"10":{"start":{"line":13,"column":1},"end":{"line":13,"column":69}},"11":{"start":{"line":13,"column":12},"end":{"line":13,"column":69}},"12":{"start":{"line":15,"column":26},"end":{"line":18,"column":2}},"13":{"start":{"line":19,"column":1},"end":{"line":20,"column":59}},"14":{"start":{"line":20,"column":2},"end":{"line":20,"column":59}},"15":{"start":{"line":22,"column":15},"end":{"line":22,"column":39}},"16":{"start":{"line":23,"column":1},"end":{"line":23,"column":17}},"17":{"start":{"line":26,"column":17},"end":{"line":32,"column":1}},"18":{"start":{"line":27,"column":16},"end":{"line":30,"column":3}},"19":{"start":{"line":31,"column":1},"end":{"line":31,"column":29}},"20":{"start":{"line":34,"column":0},"end":{"line":34,"column":24}}},"fnMap":{"0":{"name":"(anonymous_0)","decl":{"start":{"line":8,"column":17},"end":{"line":8,"column":18}},"loc":{"start":{"line":8,"column":37},"end":{"line":24,"column":1}},"line":8},"1":{"name":"(anonymous_1)","decl":{"start":{"line":26,"column":17},"end":{"line":26,"column":18}},"loc":{"start":{"line":26,"column":26},"end":{"line":32,"column":1}},"line":26}},"branchMap":{"0":{"loc":{"start":{"line":10,"column":1},"end":{"line":10,"column":66}},"type":"if","locations":[{"start":{"line":10,"column":1},"end":{"line":10,"column":66}},{"start":{},"end":{}}],"line":10},"1":{"loc":{"start":{"line":13,"column":1},"end":{"line":13,"column":69}},"type":"if","locations":[{"start":{"line":13,"column":1},"end":{"line":13,"column":69}},{"start":{},"end":{}}],"line":13},"2":{"loc":{"start":{"line":19,"column":1},"end":{"line":20,"column":59}},"type":"if","locations":[{"start":{"line":19,"column":1},"end":{"line":20,"column":59}},{"start":{},"end":{}}],"line":19}},"s":{"0":2,"1":2,"2":2,"3":2,"4":2,"5":2,"6":0,"7":0,"8":0,"9":0,"10":0,"11":0,"12":0,"13":0,"14":0,"15":0,"16":0,"17":2,"18":0,"19":0,"20":2},"f":{"0":0,"1":0},"b":{"0":[0,0],"1":[0,0],"2":[0,0]},"_coverageSchema":"1a1c01bbd47fc00a2c39e90264f33305004495a9","hash":"d8ef428992aa9849111123357ecf3e8cae0a7c38"}
,"C:\\Users\\georg\\OneDrive\\Desktop\\mevn--e-commerce-pwa--ml\\frontend\\olex_vue\\backend\\routes\\categories.js": {"path":"C:\\Users\\georg\\OneDrive\\Desktop\\mevn--e-commerce-pwa--ml\\frontend\\olex_vue\\backend\\routes\\categories.js","statementMap":{"0":{"start":{"line":1,"column":13},"end":{"line":1,"column":42}},"1":{"start":{"line":2,"column":14},"end":{"line":2,"column":44}},"2":{"start":{"line":3,"column":33},"end":{"line":3,"column":64}},"3":{"start":{"line":4,"column":25},"end":{"line":4,"column":66}},"4":{"start":{"line":6,"column":16},"end":{"line":6,"column":34}},"5":{"start":{"line":7,"column":15},"end":{"line":7,"column":31}},"6":{"start":{"line":10,"column":0},"end":{"line":18,"column":3}},"7":{"start":{"line":11,"column":19},"end":{"line":11,"column":37}},"8":{"start":{"line":12,"column":1},"end":{"line":12,"column":66}},"9":{"start":{"line":12,"column":12},"end":{"line":12,"column":66}},"10":{"start":{"line":14,"column":11},"end":{"line":14,"column":50}},"11":{"start":{"line":15,"column":1},"end":{"line":15,"column":24}},"12":{"start":{"line":17,"column":1},"end":{"line":17,"column":15}},"13":{"start":{"line":21,"column":0},"end":{"line":24,"column":3}},"14":{"start":{"line":22,"column":13},"end":{"line":22,"column":36}},"15":{"start":{"line":23,"column":1},"end":{"line":23,"column":15}},"16":{"start":{"line":27,"column":0},"end":{"line":35,"column":3}},"17":{"start":{"line":28,"column":11},"end":{"line":28,"column":51}},"18":{"start":{"line":30,"column":1},"end":{"line":33,"column":58}},"19":{"start":{"line":31,"column":2},"end":{"line":33,"column":58}},"20":{"start":{"line":34,"column":1},"end":{"line":34,"column":15}},"21":{"start":{"line":38,"column":0},"end":{"line":46,"column":3}},"22":{"start":{"line":39,"column":20},"end":{"line":39,"column":35}},"23":{"start":{"line":40,"column":18},"end":{"line":40,"column":19}},"24":{"start":{"line":41,"column":13},"end":{"line":43,"column":18}},"25":{"start":{"line":45,"column":1},"end":{"line":45,"column":15}},"26":{"start":{"line":49,"column":0},"end":{"line":66,"column":3}},"27":{"start":{"line":50,"column":19},"end":{"line":50,"column":37}},"28":{"start":{"line":51,"column":1},"end":{"line":51,"column":66}},"29":{"start":{"line":51,"column":12},"end":{"line":51,"column":66}},"30":{"start":{"line":53,"column":13},"end":{"line":59,"column":2}},"31":{"start":{"line":60,"column":1},"end":{"line":63,"column":58}},"32":{"start":{"line":61,"column":2},"end":{"line":63,"column":58}},"33":{"start":{"line":65,"column":1},"end":{"line":65,"column":15}},"34":{"start":{"line":70,"column":0},"end":{"line":79,"column":3}},"35":{"start":{"line":71,"column":13},"end":{"line":73,"column":3}},"36":{"start":{"line":74,"column":1},"end":{"line":77,"column":58}},"37":{"start":{"line":75,"column":2},"end":{"line":77,"column":58}},"38":{"start":{"line":78,"column":1},"end":{"line":78,"column":15}},"39":{"start":{"line":81,"column":0},"end":{"line":81,"column":24}}},"fnMap":{"0":{"name":"(anonymous_0)","decl":{"start":{"line":10,"column":32},"end":{"line":10,"column":33}},"loc":{"start":{"line":10,"column":52},"end":{"line":18,"column":1}},"line":10},"1":{"name":"(anonymous_1)","decl":{"start":{"line":21,"column":19},"end":{"line":21,"column":20}},"loc":{"start":{"line":21,"column":39},"end":{"line":24,"column":1}},"line":21},"2":{"name":"(anonymous_2)","decl":{"start":{"line":27,"column":37},"end":{"line":27,"column":38}},"loc":{"start":{"line":27,"column":57},"end":{"line":35,"column":1}},"line":27},"3":{"name":"(anonymous_3)","decl":{"start":{"line":38,"column":31},"end":{"line":38,"column":32}},"loc":{"start":{"line":38,"column":51},"end":{"line":46,"column":1}},"line":38},"4":{"name":"(anonymous_4)","decl":{"start":{"line":49,"column":34},"end":{"line":49,"column":35}},"loc":{"start":{"line":49,"column":54},"end":{"line":66,"column":1}},"line":49},"5":{"name":"(anonymous_5)","decl":{"start":{"line":70,"column":37},"end":{"line":70,"column":38}},"loc":{"start":{"line":70,"column":57},"end":{"line":79,"column":1}},"line":70}},"branchMap":{"0":{"loc":{"start":{"line":12,"column":1},"end":{"line":12,"column":66}},"type":"if","locations":[{"start":{"line":12,"column":1},"end":{"line":12,"column":66}},{"start":{},"end":{}}],"line":12},"1":{"loc":{"start":{"line":30,"column":1},"end":{"line":33,"column":58}},"type":"if","locations":[{"start":{"line":30,"column":1},"end":{"line":33,"column":58}},{"start":{},"end":{}}],"line":30},"2":{"loc":{"start":{"line":51,"column":1},"end":{"line":51,"column":66}},"type":"if","locations":[{"start":{"line":51,"column":1},"end":{"line":51,"column":66}},{"start":{},"end":{}}],"line":51},"3":{"loc":{"start":{"line":60,"column":1},"end":{"line":63,"column":58}},"type":"if","locations":[{"start":{"line":60,"column":1},"end":{"line":63,"column":58}},{"start":{},"end":{}}],"line":60},"4":{"loc":{"start":{"line":74,"column":1},"end":{"line":77,"column":58}},"type":"if","locations":[{"start":{"line":74,"column":1},"end":{"line":77,"column":58}},{"start":{},"end":{}}],"line":74}},"s":{"0":2,"1":2,"2":2,"3":2,"4":2,"5":2,"6":2,"7":5,"8":5,"9":2,"10":3,"11":3,"12":3,"13":2,"14":1,"15":1,"16":2,"17":1,"18":1,"19":0,"20":1,"21":2,"22":0,"23":0,"24":0,"25":0,"26":2,"27":0,"28":0,"29":0,"30":0,"31":0,"32":0,"33":0,"34":2,"35":0,"36":0,"37":0,"38":0,"39":2},"f":{"0":5,"1":1,"2":1,"3":0,"4":0,"5":0},"b":{"0":[2,3],"1":[0,1],"2":[0,0],"3":[0,0],"4":[0,0]},"_coverageSchema":"1a1c01bbd47fc00a2c39e90264f33305004495a9","hash":"879c25ae75365842f26b671b6aaf32d8ddc5c51c"}
,"C:\\Users\\georg\\OneDrive\\Desktop\\mevn--e-commerce-pwa--ml\\frontend\\olex_vue\\backend\\routes\\imgUpload.js": {"path":"C:\\Users\\georg\\OneDrive\\Desktop\\mevn--e-commerce-pwa--ml\\frontend\\olex_vue\\backend\\routes\\imgUpload.js","statementMap":{"0":{"start":{"line":1,"column":15},"end":{"line":1,"column":32}},"1":{"start":{"line":3,"column":22},"end":{"line":7,"column":1}},"2":{"start":{"line":9,"column":16},"end":{"line":24,"column":2}},"3":{"start":{"line":11,"column":18},"end":{"line":11,"column":46}},"4":{"start":{"line":12,"column":14},"end":{"line":12,"column":44}},"5":{"start":{"line":13,"column":2},"end":{"line":15,"column":3}},"6":{"start":{"line":14,"column":3},"end":{"line":14,"column":16}},"7":{"start":{"line":16,"column":2},"end":{"line":16,"column":22}},"8":{"start":{"line":19,"column":15},"end":{"line":19,"column":67}},"9":{"start":{"line":21,"column":14},"end":{"line":21,"column":42}},"10":{"start":{"line":22,"column":2},"end":{"line":22,"column":48}},"11":{"start":{"line":26,"column":0},"end":{"line":29,"column":19}}},"fnMap":{"0":{"name":"(anonymous_0)","decl":{"start":{"line":10,"column":14},"end":{"line":10,"column":15}},"loc":{"start":{"line":10,"column":33},"end":{"line":17,"column":2}},"line":10},"1":{"name":"(anonymous_1)","decl":{"start":{"line":18,"column":11},"end":{"line":18,"column":12}},"loc":{"start":{"line":18,"column":30},"end":{"line":23,"column":2}},"line":18}},"branchMap":{"0":{"loc":{"start":{"line":13,"column":2},"end":{"line":15,"column":3}},"type":"if","locations":[{"start":{"line":13,"column":2},"end":{"line":15,"column":3}},{"start":{},"end":{}}],"line":13}},"s":{"0":2,"1":2,"2":2,"3":0,"4":0,"5":0,"6":0,"7":0,"8":0,"9":0,"10":0,"11":2},"f":{"0":0,"1":0},"b":{"0":[0,0]},"_coverageSchema":"1a1c01bbd47fc00a2c39e90264f33305004495a9","hash":"64569ae8a8a56abbd75ced1e7f4ca8755d421524"}
,"C:\\Users\\georg\\OneDrive\\Desktop\\mevn--e-commerce-pwa--ml\\frontend\\olex_vue\\backend\\routes\\machine_learning.js": {"path":"C:\\Users\\georg\\OneDrive\\Desktop\\mevn--e-commerce-pwa--ml\\frontend\\olex_vue\\backend\\routes\\machine_learning.js","statementMap":{"0":{"start":{"line":1,"column":22},"end":{"line":1,"column":56}},"1":{"start":{"line":3,"column":13},"end":{"line":3,"column":42}},"2":{"start":{"line":4,"column":16},"end":{"line":4,"column":34}},"3":{"start":{"line":6,"column":15},"end":{"line":6,"column":31}},"4":{"start":{"line":8,"column":0},"end":{"line":30,"column":3}},"5":{"start":{"line":9,"column":14},"end":{"line":9,"column":26}},"6":{"start":{"line":10,"column":15},"end":{"line":10,"column":17}},"7":{"start":{"line":12,"column":15},"end":{"line":16,"column":40}},"8":{"start":{"line":18,"column":1},"end":{"line":27,"column":2}},"9":{"start":{"line":18,"column":18},"end":{"line":18,"column":19}},"10":{"start":{"line":19,"column":18},"end":{"line":19,"column":30}},"11":{"start":{"line":21,"column":15},"end":{"line":23,"column":3}},"12":{"start":{"line":22,"column":10},"end":{"line":22,"column":53}},"13":{"start":{"line":24,"column":2},"end":{"line":26,"column":3}},"14":{"start":{"line":25,"column":3},"end":{"line":25,"column":47}},"15":{"start":{"line":29,"column":1},"end":{"line":29,"column":19}},"16":{"start":{"line":60,"column":0},"end":{"line":60,"column":24}}},"fnMap":{"0":{"name":"(anonymous_0)","decl":{"start":{"line":8,"column":25},"end":{"line":8,"column":26}},"loc":{"start":{"line":8,"column":45},"end":{"line":30,"column":1}},"line":8},"1":{"name":"(anonymous_1)","decl":{"start":{"line":22,"column":3},"end":{"line":22,"column":4}},"loc":{"start":{"line":22,"column":10},"end":{"line":22,"column":53}},"line":22}},"branchMap":{"0":{"loc":{"start":{"line":24,"column":2},"end":{"line":26,"column":3}},"type":"if","locations":[{"start":{"line":24,"column":2},"end":{"line":26,"column":3}},{"start":{},"end":{}}],"line":24}},"s":{"0":2,"1":2,"2":2,"3":2,"4":2,"5":0,"6":0,"7":0,"8":0,"9":0,"10":0,"11":0,"12":0,"13":0,"14":0,"15":0,"16":2},"f":{"0":0,"1":0},"b":{"0":[0,0]},"_coverageSchema":"1a1c01bbd47fc00a2c39e90264f33305004495a9","hash":"d326ff744f2418c7826211d1cee9d901938ebed8"}
,"C:\\Users\\georg\\OneDrive\\Desktop\\mevn--e-commerce-pwa--ml\\frontend\\olex_vue\\backend\\routes\\products.js": {"path":"C:\\Users\\georg\\OneDrive\\Desktop\\mevn--e-commerce-pwa--ml\\frontend\\olex_vue\\backend\\routes\\products.js","statementMap":{"0":{"start":{"line":1,"column":13},"end":{"line":1,"column":42}},"1":{"start":{"line":2,"column":14},"end":{"line":2,"column":44}},"2":{"start":{"line":4,"column":31},"end":{"line":4,"column":60}},"3":{"start":{"line":5,"column":18},"end":{"line":5,"column":40}},"4":{"start":{"line":7,"column":16},"end":{"line":7,"column":34}},"5":{"start":{"line":8,"column":15},"end":{"line":8,"column":31}},"6":{"start":{"line":11,"column":0},"end":{"line":15,"column":3}},"7":{"start":{"line":12,"column":14},"end":{"line":12,"column":71}},"8":{"start":{"line":14,"column":1},"end":{"line":14,"column":16}},"9":{"start":{"line":18,"column":0},"end":{"line":26,"column":3}},"10":{"start":{"line":19,"column":14},"end":{"line":22,"column":2}},"11":{"start":{"line":23,"column":1},"end":{"line":24,"column":78}},"12":{"start":{"line":24,"column":2},"end":{"line":24,"column":78}},"13":{"start":{"line":25,"column":1},"end":{"line":25,"column":16}},"14":{"start":{"line":29,"column":0},"end":{"line":38,"column":3}},"15":{"start":{"line":30,"column":20},"end":{"line":30,"column":35}},"16":{"start":{"line":31,"column":18},"end":{"line":31,"column":19}},"17":{"start":{"line":32,"column":14},"end":{"line":35,"column":38}},"18":{"start":{"line":37,"column":1},"end":{"line":37,"column":16}},"19":{"start":{"line":41,"column":0},"end":{"line":52,"column":3}},"20":{"start":{"line":42,"column":20},"end":{"line":42,"column":35}},"21":{"start":{"line":43,"column":18},"end":{"line":43,"column":19}},"22":{"start":{"line":45,"column":14},"end":{"line":49,"column":38}},"23":{"start":{"line":51,"column":1},"end":{"line":51,"column":16}},"24":{"start":{"line":55,"column":0},"end":{"line":62,"column":3}},"25":{"start":{"line":56,"column":14},"end":{"line":58,"column":3}},"26":{"start":{"line":59,"column":1},"end":{"line":60,"column":78}},"27":{"start":{"line":60,"column":2},"end":{"line":60,"column":78}},"28":{"start":{"line":61,"column":1},"end":{"line":61,"column":16}},"29":{"start":{"line":65,"column":0},"end":{"line":95,"column":3}},"30":{"start":{"line":66,"column":19},"end":{"line":66,"column":37}},"31":{"start":{"line":67,"column":1},"end":{"line":67,"column":66}},"32":{"start":{"line":67,"column":12},"end":{"line":67,"column":66}},"33":{"start":{"line":69,"column":15},"end":{"line":69,"column":62}},"34":{"start":{"line":70,"column":1},"end":{"line":70,"column":73}},"35":{"start":{"line":70,"column":14},"end":{"line":70,"column":73}},"36":{"start":{"line":72,"column":16},"end":{"line":72,"column":18}},"37":{"start":{"line":73,"column":1},"end":{"line":78,"column":2}},"38":{"start":{"line":74,"column":14},"end":{"line":74,"column":52}},"39":{"start":{"line":75,"column":2},"end":{"line":75,"column":50}},"40":{"start":{"line":77,"column":2},"end":{"line":77,"column":34}},"41":{"start":{"line":79,"column":1},"end":{"line":91,"column":3}},"42":{"start":{"line":92,"column":1},"end":{"line":92,"column":22}},"43":{"start":{"line":94,"column":1},"end":{"line":94,"column":19}},"44":{"start":{"line":98,"column":0},"end":{"line":125,"column":3}},"45":{"start":{"line":99,"column":16},"end":{"line":99,"column":18}},"46":{"start":{"line":100,"column":1},"end":{"line":105,"column":2}},"47":{"start":{"line":101,"column":14},"end":{"line":101,"column":52}},"48":{"start":{"line":102,"column":2},"end":{"line":102,"column":50}},"49":{"start":{"line":104,"column":2},"end":{"line":104,"column":34}},"50":{"start":{"line":106,"column":17},"end":{"line":119,"column":2}},"51":{"start":{"line":120,"column":1},"end":{"line":123,"column":62}},"52":{"start":{"line":121,"column":2},"end":{"line":123,"column":62}},"53":{"start":{"line":124,"column":1},"end":{"line":124,"column":19}},"54":{"start":{"line":127,"column":0},"end":{"line":127,"column":24}}},"fnMap":{"0":{"name":"(anonymous_0)","decl":{"start":{"line":11,"column":19},"end":{"line":11,"column":20}},"loc":{"start":{"line":11,"column":39},"end":{"line":15,"column":1}},"line":11},"1":{"name":"(anonymous_1)","decl":{"start":{"line":18,"column":19},"end":{"line":18,"column":20}},"loc":{"start":{"line":18,"column":39},"end":{"line":26,"column":1}},"line":18},"2":{"name":"(anonymous_2)","decl":{"start":{"line":29,"column":32},"end":{"line":29,"column":33}},"loc":{"start":{"line":29,"column":52},"end":{"line":38,"column":1}},"line":29},"3":{"name":"(anonymous_3)","decl":{"start":{"line":41,"column":32},"end":{"line":41,"column":33}},"loc":{"start":{"line":41,"column":52},"end":{"line":52,"column":1}},"line":41},"4":{"name":"(anonymous_4)","decl":{"start":{"line":55,"column":37},"end":{"line":55,"column":38}},"loc":{"start":{"line":55,"column":57},"end":{"line":62,"column":1}},"line":55},"5":{"name":"(anonymous_5)","decl":{"start":{"line":65,"column":43},"end":{"line":65,"column":44}},"loc":{"start":{"line":65,"column":63},"end":{"line":95,"column":1}},"line":65},"6":{"name":"(anonymous_6)","decl":{"start":{"line":98,"column":45},"end":{"line":98,"column":46}},"loc":{"start":{"line":98,"column":65},"end":{"line":125,"column":1}},"line":98}},"branchMap":{"0":{"loc":{"start":{"line":23,"column":1},"end":{"line":24,"column":78}},"type":"if","locations":[{"start":{"line":23,"column":1},"end":{"line":24,"column":78}},{"start":{},"end":{}}],"line":23},"1":{"loc":{"start":{"line":59,"column":1},"end":{"line":60,"column":78}},"type":"if","locations":[{"start":{"line":59,"column":1},"end":{"line":60,"column":78}},{"start":{},"end":{}}],"line":59},"2":{"loc":{"start":{"line":67,"column":1},"end":{"line":67,"column":66}},"type":"if","locations":[{"start":{"line":67,"column":1},"end":{"line":67,"column":66}},{"start":{},"end":{}}],"line":67},"3":{"loc":{"start":{"line":70,"column":1},"end":{"line":70,"column":73}},"type":"if","locations":[{"start":{"line":70,"column":1},"end":{"line":70,"column":73}},{"start":{},"end":{}}],"line":70},"4":{"loc":{"start":{"line":73,"column":1},"end":{"line":78,"column":2}},"type":"if","locations":[{"start":{"line":73,"column":1},"end":{"line":78,"column":2}},{"start":{"line":76,"column":8},"end":{"line":78,"column":2}}],"line":73},"5":{"loc":{"start":{"line":73,"column":5},"end":{"line":73,"column":32}},"type":"binary-expr","locations":[{"start":{"line":73,"column":5},"end":{"line":73,"column":13}},{"start":{"line":73,"column":17},"end":{"line":73,"column":32}}],"line":73},"6":{"loc":{"start":{"line":100,"column":1},"end":{"line":105,"column":2}},"type":"if","locations":[{"start":{"line":100,"column":1},"end":{"line":105,"column":2}},{"start":{"line":103,"column":8},"end":{"line":105,"column":2}}],"line":100},"7":{"loc":{"start":{"line":100,"column":5},"end":{"line":100,"column":32}},"type":"binary-expr","locations":[{"start":{"line":100,"column":5},"end":{"line":100,"column":13}},{"start":{"line":100,"column":17},"end":{"line":100,"column":32}}],"line":100},"8":{"loc":{"start":{"line":120,"column":1},"end":{"line":123,"column":62}},"type":"if","locations":[{"start":{"line":120,"column":1},"end":{"line":123,"column":62}},{"start":{},"end":{}}],"line":120}},"s":{"0":2,"1":2,"2":2,"3":2,"4":2,"5":2,"6":2,"7":0,"8":0,"9":2,"10":0,"11":0,"12":0,"13":0,"14":2,"15":0,"16":0,"17":0,"18":0,"19":2,"20":0,"21":0,"22":0,"23":0,"24":2,"25":0,"26":0,"27":0,"28":0,"29":2,"30":0,"31":0,"32":0,"33":0,"34":0,"35":0,"36":0,"37":0,"38":0,"39":0,"40":0,"41":0,"42":0,"43":0,"44":2,"45":0,"46":0,"47":0,"48":0,"49":0,"50":0,"51":0,"52":0,"53":0,"54":2},"f":{"0":0,"1":0,"2":0,"3":0,"4":0,"5":0,"6":0},"b":{"0":[0,0],"1":[0,0],"2":[0,0],"3":[0,0],"4":[0,0],"5":[0,0],"6":[0,0],"7":[0,0],"8":[0,0]},"_coverageSchema":"1a1c01bbd47fc00a2c39e90264f33305004495a9","hash":"afb9f22656910b4d8ce77090b127df7fe951ddc8"}
,"C:\\Users\\georg\\OneDrive\\Desktop\\mevn--e-commerce-pwa--ml\\frontend\\olex_vue\\backend\\routes\\search.js": {"path":"C:\\Users\\georg\\OneDrive\\Desktop\\mevn--e-commerce-pwa--ml\\frontend\\olex_vue\\backend\\routes\\search.js","statementMap":{"0":{"start":{"line":1,"column":25},"end":{"line":1,"column":52}},"1":{"start":{"line":2,"column":21},"end":{"line":2,"column":50}},"2":{"start":{"line":3,"column":13},"end":{"line":3,"column":42}},"3":{"start":{"line":5,"column":16},"end":{"line":5,"column":34}},"4":{"start":{"line":6,"column":15},"end":{"line":6,"column":31}},"5":{"start":{"line":9,"column":0},"end":{"line":16,"column":3}},"6":{"start":{"line":10,"column":13},"end":{"line":10,"column":51}},"7":{"start":{"line":12,"column":22},"end":{"line":14,"column":12}},"8":{"start":{"line":15,"column":1},"end":{"line":15,"column":24}},"9":{"start":{"line":19,"column":0},"end":{"line":37,"column":3}},"10":{"start":{"line":20,"column":13},"end":{"line":20,"column":51}},"11":{"start":{"line":22,"column":22},"end":{"line":24,"column":12}},"12":{"start":{"line":26,"column":1},"end":{"line":35,"column":2}},"13":{"start":{"line":26,"column":18},"end":{"line":26,"column":19}},"14":{"start":{"line":27,"column":19},"end":{"line":27,"column":42}},"15":{"start":{"line":28,"column":15},"end":{"line":28,"column":27}},"16":{"start":{"line":29,"column":15},"end":{"line":32,"column":3}},"17":{"start":{"line":34,"column":2},"end":{"line":34,"column":22}},"18":{"start":{"line":36,"column":1},"end":{"line":36,"column":24}},"19":{"start":{"line":39,"column":0},"end":{"line":39,"column":24}}},"fnMap":{"0":{"name":"(anonymous_0)","decl":{"start":{"line":9,"column":27},"end":{"line":9,"column":28}},"loc":{"start":{"line":9,"column":47},"end":{"line":16,"column":1}},"line":9},"1":{"name":"(anonymous_1)","decl":{"start":{"line":19,"column":38},"end":{"line":19,"column":39}},"loc":{"start":{"line":19,"column":58},"end":{"line":37,"column":1}},"line":19}},"branchMap":{},"s":{"0":2,"1":2,"2":2,"3":2,"4":2,"5":2,"6":0,"7":0,"8":0,"9":2,"10":0,"11":0,"12":0,"13":0,"14":0,"15":0,"16":0,"17":0,"18":0,"19":2},"f":{"0":0,"1":0},"b":{},"_coverageSchema":"1a1c01bbd47fc00a2c39e90264f33305004495a9","hash":"22618794cd92754ec4acd45618950295ef71973f"}
,"C:\\Users\\georg\\OneDrive\\Desktop\\mevn--e-commerce-pwa--ml\\frontend\\olex_vue\\backend\\routes\\users.js": {"path":"C:\\Users\\georg\\OneDrive\\Desktop\\mevn--e-commerce-pwa--ml\\frontend\\olex_vue\\backend\\routes\\users.js","statementMap":{"0":{"start":{"line":1,"column":13},"end":{"line":1,"column":42}},"1":{"start":{"line":2,"column":14},"end":{"line":2,"column":44}},"2":{"start":{"line":4,"column":18},"end":{"line":4,"column":40}},"3":{"start":{"line":5,"column":15},"end":{"line":5,"column":32}},"4":{"start":{"line":6,"column":10},"end":{"line":6,"column":27}},"5":{"start":{"line":7,"column":27},"end":{"line":7,"column":53}},"6":{"start":{"line":9,"column":16},"end":{"line":9,"column":34}},"7":{"start":{"line":10,"column":15},"end":{"line":10,"column":31}},"8":{"start":{"line":13,"column":0},"end":{"line":16,"column":3}},"9":{"start":{"line":14,"column":14},"end":{"line":14,"column":67}},"10":{"start":{"line":15,"column":1},"end":{"line":15,"column":16}},"11":{"start":{"line":19,"column":0},"end":{"line":22,"column":3}},"12":{"start":{"line":20,"column":14},"end":{"line":20,"column":67}},"13":{"start":{"line":21,"column":1},"end":{"line":21,"column":16}},"14":{"start":{"line":25,"column":0},"end":{"line":60,"column":3}},"15":{"start":{"line":26,"column":19},"end":{"line":26,"column":37}},"16":{"start":{"line":27,"column":1},"end":{"line":27,"column":66}},"17":{"start":{"line":27,"column":12},"end":{"line":27,"column":66}},"18":{"start":{"line":29,"column":12},"end":{"line":29,"column":57}},"19":{"start":{"line":30,"column":1},"end":{"line":30,"column":66}},"20":{"start":{"line":30,"column":11},"end":{"line":30,"column":66}},"21":{"start":{"line":32,"column":1},"end":{"line":41,"column":3}},"22":{"start":{"line":42,"column":14},"end":{"line":42,"column":38}},"23":{"start":{"line":43,"column":1},"end":{"line":43,"column":56}},"24":{"start":{"line":45,"column":1},"end":{"line":45,"column":19}},"25":{"start":{"line":47,"column":15},"end":{"line":47,"column":39}},"26":{"start":{"line":48,"column":1},"end":{"line":59,"column":4}},"27":{"start":{"line":63,"column":0},"end":{"line":86,"column":3}},"28":{"start":{"line":64,"column":15},"end":{"line":64,"column":17}},"29":{"start":{"line":65,"column":1},"end":{"line":70,"column":2}},"30":{"start":{"line":66,"column":14},"end":{"line":66,"column":52}},"31":{"start":{"line":67,"column":2},"end":{"line":67,"column":49}},"32":{"start":{"line":69,"column":2},"end":{"line":69,"column":33}},"33":{"start":{"line":72,"column":14},"end":{"line":82,"column":2}},"34":{"start":{"line":83,"column":1},"end":{"line":83,"column":79}},"35":{"start":{"line":83,"column":12},"end":{"line":83,"column":79}},"36":{"start":{"line":85,"column":1},"end":{"line":85,"column":16}},"37":{"start":{"line":89,"column":0},"end":{"line":100,"column":3}},"38":{"start":{"line":90,"column":14},"end":{"line":96,"column":2}},"39":{"start":{"line":97,"column":1},"end":{"line":97,"column":79}},"40":{"start":{"line":97,"column":12},"end":{"line":97,"column":79}},"41":{"start":{"line":99,"column":1},"end":{"line":99,"column":16}},"42":{"start":{"line":103,"column":0},"end":{"line":113,"column":3}},"43":{"start":{"line":105,"column":20},"end":{"line":105,"column":35}},"44":{"start":{"line":106,"column":18},"end":{"line":106,"column":19}},"45":{"start":{"line":108,"column":14},"end":{"line":110,"column":18}},"46":{"start":{"line":112,"column":1},"end":{"line":112,"column":16}},"47":{"start":{"line":116,"column":0},"end":{"line":125,"column":3}},"48":{"start":{"line":117,"column":14},"end":{"line":120,"column":3}},"49":{"start":{"line":122,"column":1},"end":{"line":122,"column":79}},"50":{"start":{"line":122,"column":12},"end":{"line":122,"column":79}},"51":{"start":{"line":124,"column":1},"end":{"line":124,"column":16}},"52":{"start":{"line":127,"column":0},"end":{"line":127,"column":24}}},"fnMap":{"0":{"name":"(anonymous_0)","decl":{"start":{"line":13,"column":30},"end":{"line":13,"column":31}},"loc":{"start":{"line":13,"column":50},"end":{"line":16,"column":1}},"line":13},"1":{"name":"(anonymous_1)","decl":{"start":{"line":19,"column":24},"end":{"line":19,"column":25}},"loc":{"start":{"line":19,"column":44},"end":{"line":22,"column":1}},"line":19},"2":{"name":"(anonymous_2)","decl":{"start":{"line":25,"column":17},"end":{"line":25,"column":18}},"loc":{"start":{"line":25,"column":37},"end":{"line":60,"column":1}},"line":25},"3":{"name":"(anonymous_3)","decl":{"start":{"line":63,"column":33},"end":{"line":63,"column":34}},"loc":{"start":{"line":63,"column":53},"end":{"line":86,"column":1}},"line":63},"4":{"name":"(anonymous_4)","decl":{"start":{"line":89,"column":35},"end":{"line":89,"column":36}},"loc":{"start":{"line":89,"column":55},"end":{"line":100,"column":1}},"line":89},"5":{"name":"(anonymous_5)","decl":{"start":{"line":103,"column":21},"end":{"line":103,"column":22}},"loc":{"start":{"line":103,"column":41},"end":{"line":113,"column":1}},"line":103},"6":{"name":"(anonymous_6)","decl":{"start":{"line":116,"column":25},"end":{"line":116,"column":26}},"loc":{"start":{"line":116,"column":45},"end":{"line":125,"column":1}},"line":116}},"branchMap":{"0":{"loc":{"start":{"line":27,"column":1},"end":{"line":27,"column":66}},"type":"if","locations":[{"start":{"line":27,"column":1},"end":{"line":27,"column":66}},{"start":{},"end":{}}],"line":27},"1":{"loc":{"start":{"line":30,"column":1},"end":{"line":30,"column":66}},"type":"if","locations":[{"start":{"line":30,"column":1},"end":{"line":30,"column":66}},{"start":{},"end":{}}],"line":30},"2":{"loc":{"start":{"line":65,"column":1},"end":{"line":70,"column":2}},"type":"if","locations":[{"start":{"line":65,"column":1},"end":{"line":70,"column":2}},{"start":{"line":68,"column":8},"end":{"line":70,"column":2}}],"line":65},"3":{"loc":{"start":{"line":65,"column":5},"end":{"line":65,"column":32}},"type":"binary-expr","locations":[{"start":{"line":65,"column":5},"end":{"line":65,"column":13}},{"start":{"line":65,"column":17},"end":{"line":65,"column":32}}],"line":65},"4":{"loc":{"start":{"line":83,"column":1},"end":{"line":83,"column":79}},"type":"if","locations":[{"start":{"line":83,"column":1},"end":{"line":83,"column":79}},{"start":{},"end":{}}],"line":83},"5":{"loc":{"start":{"line":97,"column":1},"end":{"line":97,"column":79}},"type":"if","locations":[{"start":{"line":97,"column":1},"end":{"line":97,"column":79}},{"start":{},"end":{}}],"line":97},"6":{"loc":{"start":{"line":122,"column":1},"end":{"line":122,"column":79}},"type":"if","locations":[{"start":{"line":122,"column":1},"end":{"line":122,"column":79}},{"start":{},"end":{}}],"line":122}},"s":{"0":2,"1":2,"2":2,"3":2,"4":2,"5":2,"6":2,"7":2,"8":2,"9":0,"10":0,"11":2,"12":0,"13":0,"14":2,"15":0,"16":0,"17":0,"18":0,"19":0,"20":0,"21":0,"22":0,"23":0,"24":0,"25":0,"26":0,"27":2,"28":0,"29":0,"30":0,"31":0,"32":0,"33":0,"34":0,"35":0,"36":0,"37":2,"38":0,"39":0,"40":0,"41":0,"42":2,"43":0,"44":0,"45":0,"46":0,"47":2,"48":0,"49":0,"50":0,"51":0,"52":2},"f":{"0":0,"1":0,"2":0,"3":0,"4":0,"5":0,"6":0},"b":{"0":[0,0],"1":[0,0],"2":[0,0],"3":[0,0],"4":[0,0],"5":[0,0],"6":[0,0]},"_coverageSchema":"1a1c01bbd47fc00a2c39e90264f33305004495a9","hash":"c08e1da6e23daf0328e0deb13408c5af1549d341"}
,"C:\\Users\\georg\\OneDrive\\Desktop\\mevn--e-commerce-pwa--ml\\frontend\\olex_vue\\backend\\startup\\config.js": {"path":"C:\\Users\\georg\\OneDrive\\Desktop\\mevn--e-commerce-pwa--ml\\frontend\\olex_vue\\backend\\startup\\config.js","statementMap":{"0":{"start":{"line":1,"column":15},"end":{"line":1,"column":32}},"1":{"start":{"line":3,"column":0},"end":{"line":8,"column":2}},"2":{"start":{"line":4,"column":1},"end":{"line":7,"column":2}},"3":{"start":{"line":5,"column":2},"end":{"line":5,"column":62}},"4":{"start":{"line":6,"column":2},"end":{"line":6,"column":18}}},"fnMap":{"0":{"name":"(anonymous_0)","decl":{"start":{"line":3,"column":17},"end":{"line":3,"column":18}},"loc":{"start":{"line":3,"column":29},"end":{"line":8,"column":1}},"line":3}},"branchMap":{"0":{"loc":{"start":{"line":4,"column":1},"end":{"line":7,"column":2}},"type":"if","locations":[{"start":{"line":4,"column":1},"end":{"line":7,"column":2}},{"start":{},"end":{}}],"line":4}},"s":{"0":2,"1":2,"2":2,"3":0,"4":0},"f":{"0":2},"b":{"0":[0,2]},"_coverageSchema":"1a1c01bbd47fc00a2c39e90264f33305004495a9","hash":"6d302813ddeaa908904aa10914bcee5ebd1c9f04"}
,"C:\\Users\\georg\\OneDrive\\Desktop\\mevn--e-commerce-pwa--ml\\frontend\\olex_vue\\backend\\startup\\db.js": {"path":"C:\\Users\\georg\\OneDrive\\Desktop\\mevn--e-commerce-pwa--ml\\frontend\\olex_vue\\backend\\startup\\db.js","statementMap":{"0":{"start":{"line":1,"column":17},"end":{"line":1,"column":36}},"1":{"start":{"line":2,"column":14},"end":{"line":2,"column":32}},"2":{"start":{"line":4,"column":0},"end":{"line":20,"column":2}},"3":{"start":{"line":5,"column":1},"end":{"line":5,"column":35}},"4":{"start":{"line":6,"column":1},"end":{"line":19,"column":68}},"5":{"start":{"line":17,"column":3},"end":{"line":17,"column":40}},"6":{"start":{"line":19,"column":18},"end":{"line":19,"column":66}}},"fnMap":{"0":{"name":"(anonymous_0)","decl":{"start":{"line":4,"column":17},"end":{"line":4,"column":18}},"loc":{"start":{"line":4,"column":29},"end":{"line":20,"column":1}},"line":4},"1":{"name":"(anonymous_1)","decl":{"start":{"line":16,"column":8},"end":{"line":16,"column":9}},"loc":{"start":{"line":16,"column":14},"end":{"line":18,"column":3}},"line":16},"2":{"name":"(anonymous_2)","decl":{"start":{"line":19,"column":9},"end":{"line":19,"column":10}},"loc":{"start":{"line":19,"column":18},"end":{"line":19,"column":66}},"line":19}},"branchMap":{},"s":{"0":2,"1":2,"2":2,"3":2,"4":2,"5":2,"6":0},"f":{"0":2,"1":2,"2":0},"b":{},"_coverageSchema":"1a1c01bbd47fc00a2c39e90264f33305004495a9","hash":"4190b7a09b706e433fa671eaa61505515a021454"}
,"C:\\Users\\georg\\OneDrive\\Desktop\\mevn--e-commerce-pwa--ml\\frontend\\olex_vue\\backend\\startup\\logging.js": {"path":"C:\\Users\\georg\\OneDrive\\Desktop\\mevn--e-commerce-pwa--ml\\frontend\\olex_vue\\backend\\startup\\logging.js","statementMap":{"0":{"start":{"line":1,"column":0},"end":{"line":1,"column":32}},"1":{"start":{"line":2,"column":14},"end":{"line":2,"column":32}},"2":{"start":{"line":4,"column":0},"end":{"line":20,"column":2}},"3":{"start":{"line":6,"column":1},"end":{"line":10,"column":4}},"4":{"start":{"line":7,"column":2},"end":{"line":7,"column":43}},"5":{"start":{"line":8,"column":2},"end":{"line":8,"column":32}},"6":{"start":{"line":9,"column":2},"end":{"line":9,"column":18}},"7":{"start":{"line":13,"column":1},"end":{"line":17,"column":4}},"8":{"start":{"line":14,"column":2},"end":{"line":14,"column":44}},"9":{"start":{"line":15,"column":2},"end":{"line":15,"column":32}},"10":{"start":{"line":16,"column":2},"end":{"line":16,"column":18}},"11":{"start":{"line":19,"column":1},"end":{"line":19,"column":67}}},"fnMap":{"0":{"name":"(anonymous_0)","decl":{"start":{"line":4,"column":17},"end":{"line":4,"column":18}},"loc":{"start":{"line":4,"column":29},"end":{"line":20,"column":1}},"line":4},"1":{"name":"(anonymous_1)","decl":{"start":{"line":6,"column":33},"end":{"line":6,"column":34}},"loc":{"start":{"line":6,"column":41},"end":{"line":10,"column":2}},"line":6},"2":{"name":"(anonymous_2)","decl":{"start":{"line":13,"column":34},"end":{"line":13,"column":35}},"loc":{"start":{"line":13,"column":42},"end":{"line":17,"column":2}},"line":13}},"branchMap":{},"s":{"0":2,"1":2,"2":2,"3":2,"4":0,"5":0,"6":0,"7":2,"8":0,"9":0,"10":0,"11":2},"f":{"0":2,"1":0,"2":0},"b":{},"_coverageSchema":"1a1c01bbd47fc00a2c39e90264f33305004495a9","hash":"fca9a90c118061c1aa3c2e98fa874dbc2b1f1825"}
,"C:\\Users\\georg\\OneDrive\\Desktop\\mevn--e-commerce-pwa--ml\\frontend\\olex_vue\\backend\\startup\\routes.js": {"path":"C:\\Users\\georg\\OneDrive\\Desktop\\mevn--e-commerce-pwa--ml\\frontend\\olex_vue\\backend\\startup\\routes.js","statementMap":{"0":{"start":{"line":1,"column":19},"end":{"line":1,"column":50}},"1":{"start":{"line":2,"column":17},"end":{"line":2,"column":46}},"2":{"start":{"line":3,"column":14},"end":{"line":3,"column":40}},"3":{"start":{"line":4,"column":13},"end":{"line":4,"column":38}},"4":{"start":{"line":5,"column":15},"end":{"line":5,"column":42}},"5":{"start":{"line":6,"column":25},"end":{"line":6,"column":65}},"6":{"start":{"line":7,"column":16},"end":{"line":7,"column":34}},"7":{"start":{"line":9,"column":14},"end":{"line":9,"column":44}},"8":{"start":{"line":11,"column":0},"end":{"line":22,"column":2}},"9":{"start":{"line":12,"column":1},"end":{"line":12,"column":25}},"10":{"start":{"line":13,"column":1},"end":{"line":13,"column":40}},"11":{"start":{"line":14,"column":1},"end":{"line":14,"column":36}},"12":{"start":{"line":15,"column":1},"end":{"line":15,"column":30}},"13":{"start":{"line":16,"column":1},"end":{"line":16,"column":28}},"14":{"start":{"line":17,"column":1},"end":{"line":17,"column":32}},"15":{"start":{"line":18,"column":1},"end":{"line":18,"column":52}},"16":{"start":{"line":21,"column":1},"end":{"line":21,"column":16}}},"fnMap":{"0":{"name":"(anonymous_0)","decl":{"start":{"line":11,"column":17},"end":{"line":11,"column":18}},"loc":{"start":{"line":11,"column":32},"end":{"line":22,"column":1}},"line":11}},"branchMap":{},"s":{"0":2,"1":2,"2":2,"3":2,"4":2,"5":2,"6":2,"7":2,"8":2,"9":2,"10":2,"11":2,"12":2,"13":2,"14":2,"15":2,"16":2},"f":{"0":2},"b":{},"_coverageSchema":"1a1c01bbd47fc00a2c39e90264f33305004495a9","hash":"6a9a7937a15f9c3111d9131d3a2a9c1f4d3ff9e5"}
}
