{"C:\\Users\\georg\\OneDrive\\Desktop\\mevn--e-commerce-pwa--ml\\frontend\\olex_vue\\backend\\middleware\\auth.js": {"path":"C:\\Users\\georg\\OneDrive\\Desktop\\mevn--e-commerce-pwa--ml\\frontend\\olex_vue\\backend\\middleware\\auth.js","statementMap":{"0":{"start":{"line":1,"column":12},"end":{"line":1,"column":35}},"1":{"start":{"line":2,"column":15},"end":{"line":2,"column":32}},"2":{"start":{"line":4,"column":0},"end":{"line":15,"column":2}},"3":{"start":{"line":5,"column":15},"end":{"line":5,"column":41}},"4":{"start":{"line":6,"column":1},"end":{"line":6,"column":77}},"5":{"start":{"line":6,"column":13},"end":{"line":6,"column":77}},"6":{"start":{"line":8,"column":1},"end":{"line":14,"column":2}},"7":{"start":{"line":9,"column":18},"end":{"line":9,"column":64}},"8":{"start":{"line":10,"column":2},"end":{"line":10,"column":21}},"9":{"start":{"line":11,"column":2},"end":{"line":11,"column":9}},"10":{"start":{"line":13,"column":2},"end":{"line":13,"column":41}}},"fnMap":{"0":{"name":"(anonymous_0)","decl":{"start":{"line":4,"column":17},"end":{"line":4,"column":18}},"loc":{"start":{"line":4,"column":43},"end":{"line":15,"column":1}},"line":4}},"branchMap":{"0":{"loc":{"start":{"line":6,"column":1},"end":{"line":6,"column":77}},"type":"if","locations":[{"start":{"line":6,"column":1},"end":{"line":6,"column":77}},{"start":{},"end":{}}],"line":6}},"s":{"0":1,"1":1,"2":1,"3":1,"4":1,"5":0,"6":1,"7":1,"8":1,"9":1,"10":0},"f":{"0":1},"b":{"0":[0,1]},"_coverageSchema":"1a1c01bbd47fc00a2c39e90264f33305004495a9","hash":"8db6677acf28d8ac40860bdd2c14a02c8a2ad9e9"}
,"C:\\Users\\georg\\OneDrive\\Desktop\\mevn--e-commerce-pwa--ml\\frontend\\olex_vue\\backend\\models\\users.js": {"path":"C:\\Users\\georg\\OneDrive\\Desktop\\mevn--e-commerce-pwa--ml\\frontend\\olex_vue\\backend\\models\\users.js","statementMap":{"0":{"start":{"line":1,"column":15},"end":{"line":1,"column":32}},"1":{"start":{"line":2,"column":12},"end":{"line":2,"column":35}},"2":{"start":{"line":3,"column":12},"end":{"line":3,"column":26}},"3":{"start":{"line":4,"column":17},"end":{"line":4,"column":36}},"4":{"start":{"line":6,"column":19},"end":{"line":48,"column":2}},"5":{"start":{"line":50,"column":0},"end":{"line":56,"column":2}},"6":{"start":{"line":51,"column":15},"end":{"line":54,"column":2}},"7":{"start":{"line":55,"column":1},"end":{"line":55,"column":14}},"8":{"start":{"line":58,"column":13},"end":{"line":58,"column":47}},"9":{"start":{"line":60,"column":21},"end":{"line":73,"column":1}},"10":{"start":{"line":61,"column":16},"end":{"line":70,"column":3}},"11":{"start":{"line":72,"column":1},"end":{"line":72,"column":30}},"12":{"start":{"line":75,"column":0},"end":{"line":75,"column":20}},"13":{"start":{"line":76,"column":0},"end":{"line":76,"column":32}}},"fnMap":{"0":{"name":"(anonymous_0)","decl":{"start":{"line":50,"column":39},"end":{"line":50,"column":40}},"loc":{"start":{"line":50,"column":51},"end":{"line":56,"column":1}},"line":50},"1":{"name":"(anonymous_1)","decl":{"start":{"line":60,"column":21},"end":{"line":60,"column":22}},"loc":{"start":{"line":60,"column":31},"end":{"line":73,"column":1}},"line":60}},"branchMap":{},"s":{"0":1,"1":1,"2":1,"3":1,"4":1,"5":1,"6":1,"7":1,"8":1,"9":1,"10":0,"11":0,"12":1,"13":1},"f":{"0":1,"1":0},"b":{},"_coverageSchema":"1a1c01bbd47fc00a2c39e90264f33305004495a9","hash":"c8547135a56d66c1f43edba61eecba4f2192de9b"}
}
