TN:
SF:index.js
FN:23,(anonymous_0)
FNF:1
FNH:1
FNDA:1,(anonymous_0)
DA:1,1
DA:2,1
DA:3,1
DA:4,1
DA:6,1
DA:8,1
DA:10,1
DA:11,1
DA:13,1
DA:16,1
DA:17,1
DA:18,1
DA:19,1
DA:22,1
DA:23,1
DA:24,1
DA:27,1
LF:17
LH:17
BRDA:22,0,0,1
BRDA:22,0,1,1
BRF:2
BRH:2
end_of_record
TN:
SF:middleware\admin.js
FN:1,(anonymous_0)
FNF:1
FNH:1
FNDA:1,(anonymous_0)
DA:1,1
DA:4,1
DA:5,0
DA:7,1
LF:4
LH:3
BRDA:4,0,0,0
BRDA:4,0,1,1
BRF:2
BRH:1
end_of_record
TN:
SF:middleware\auth.js
FN:4,(anonymous_0)
FNF:1
FNH:1
FNDA:4,(anonymous_0)
DA:1,2
DA:2,2
DA:4,2
DA:5,4
DA:6,4
DA:8,3
DA:9,3
DA:10,2
DA:11,2
DA:13,1
LF:10
LH:10
BRDA:6,0,0,1
BRDA:6,0,1,3
BRF:2
BRH:2
end_of_record
TN:
SF:middleware\error.js
FN:3,(anonymous_0)
FNF:1
FNH:0
FNDA:0,(anonymous_0)
DA:1,1
DA:3,1
DA:4,0
DA:5,0
LF:4
LH:2
BRF:0
BRH:0
end_of_record
TN:
SF:models\categories.js
FN:15,(anonymous_0)
FNF:1
FNH:1
FNDA:1,(anonymous_0)
DA:1,1
DA:2,1
DA:4,1
DA:13,1
DA:15,1
DA:16,1
DA:19,1
DA:22,1
DA:23,1
LF:9
LH:9
BRF:0
BRH:0
end_of_record
TN:
SF:models\products.js
FN:38,(anonymous_0)
FNF:1
FNH:0
FNDA:0,(anonymous_0)
DA:1,1
DA:2,1
DA:4,1
DA:36,1
DA:38,1
DA:39,0
DA:46,0
DA:49,1
DA:50,1
LF:9
LH:7
BRF:0
BRH:0
end_of_record
TN:
SF:models\search.js
FN:17,(anonymous_0)
FNF:1
FNH:0
FNDA:0,(anonymous_0)
DA:1,1
DA:2,1
DA:4,1
DA:15,1
DA:17,1
DA:18,0
DA:23,0
DA:26,1
DA:27,1
LF:9
LH:7
BRF:0
BRH:0
end_of_record
TN:
SF:models\users.js
FN:50,(anonymous_0)
FN:60,(anonymous_1)
FNF:2
FNH:1
FNDA:5,(anonymous_0)
FNDA:0,(anonymous_1)
DA:1,3
DA:2,3
DA:3,3
DA:4,3
DA:6,3
DA:50,3
DA:51,5
DA:55,5
DA:58,3
DA:60,3
DA:61,0
DA:72,0
DA:75,3
DA:76,3
LF:14
LH:12
BRF:0
BRH:0
end_of_record
TN:
SF:models\ml\ml_results.js
FN:17,(anonymous_0)
FNF:1
FNH:0
FNDA:0,(anonymous_0)
DA:1,1
DA:2,1
DA:4,1
DA:15,1
DA:17,1
DA:18,0
DA:22,0
DA:25,1
DA:26,1
LF:9
LH:7
BRF:0
BRH:0
end_of_record
TN:
SF:routes\auth.js
FN:8,(anonymous_0)
FN:26,(anonymous_1)
FNF:2
FNH:0
FNDA:0,(anonymous_0)
FNDA:0,(anonymous_1)
DA:1,1
DA:2,1
DA:3,1
DA:4,1
DA:5,1
DA:8,1
DA:9,0
DA:10,0
DA:12,0
DA:13,0
DA:15,0
DA:19,0
DA:20,0
DA:22,0
DA:23,0
DA:26,1
DA:27,0
DA:31,0
DA:34,1
LF:19
LH:8
BRDA:10,0,0,0
BRDA:10,0,1,0
BRDA:13,1,0,0
BRDA:13,1,1,0
BRDA:19,2,0,0
BRDA:19,2,1,0
BRF:6
BRH:0
end_of_record
TN:
SF:routes\categories.js
FN:9,(anonymous_0)
FN:20,(anonymous_1)
FN:26,(anonymous_2)
FN:37,(anonymous_3)
FN:48,(anonymous_4)
FN:69,(anonymous_5)
FNF:6
FNH:1
FNDA:1,(anonymous_0)
FNDA:0,(anonymous_1)
FNDA:0,(anonymous_2)
FNDA:0,(anonymous_3)
FNDA:0,(anonymous_4)
FNDA:0,(anonymous_5)
DA:1,1
DA:2,1
DA:3,1
DA:5,1
DA:6,1
DA:9,1
DA:10,1
DA:11,1
DA:13,1
DA:14,1
DA:16,1
DA:20,1
DA:21,0
DA:22,0
DA:26,1
DA:27,0
DA:29,0
DA:30,0
DA:33,0
DA:37,1
DA:38,0
DA:39,0
DA:40,0
DA:44,0
DA:48,1
DA:49,0
DA:50,0
DA:52,0
DA:59,0
DA:60,0
DA:64,0
DA:69,1
DA:70,0
DA:73,0
DA:74,0
DA:77,0
DA:80,1
LF:37
LH:17
BRDA:11,0,0,0
BRDA:11,0,1,1
BRDA:29,1,0,0
BRDA:29,1,1,0
BRDA:50,2,0,0
BRDA:50,2,1,0
BRDA:59,3,0,0
BRDA:59,3,1,0
BRDA:73,4,0,0
BRDA:73,4,1,0
BRF:10
BRH:1
end_of_record
TN:
SF:routes\imgUpload.js
FN:10,(anonymous_0)
FN:18,(anonymous_1)
FNF:2
FNH:0
FNDA:0,(anonymous_0)
FNDA:0,(anonymous_1)
DA:1,1
DA:3,1
DA:9,1
DA:11,0
DA:12,0
DA:13,0
DA:14,0
DA:16,0
DA:19,0
DA:21,0
DA:22,0
DA:26,1
LF:12
LH:4
BRDA:13,0,0,0
BRDA:13,0,1,0
BRF:2
BRH:0
end_of_record
TN:
SF:routes\machine_learning.js
FN:8,(anonymous_0)
FN:22,(anonymous_1)
FNF:2
FNH:0
FNDA:0,(anonymous_0)
FNDA:0,(anonymous_1)
DA:1,1
DA:3,1
DA:4,1
DA:6,1
DA:8,1
DA:9,0
DA:10,0
DA:12,0
DA:18,0
DA:19,0
DA:21,0
DA:22,0
DA:24,0
DA:25,0
DA:29,0
DA:60,1
LF:16
LH:6
BRDA:24,0,0,0
BRDA:24,0,1,0
BRF:2
BRH:0
end_of_record
TN:
SF:routes\products.js
FN:11,(anonymous_0)
FN:18,(anonymous_1)
FN:29,(anonymous_2)
FN:41,(anonymous_3)
FN:55,(anonymous_4)
FN:65,(anonymous_5)
FN:98,(anonymous_6)
FNF:7
FNH:0
FNDA:0,(anonymous_0)
FNDA:0,(anonymous_1)
FNDA:0,(anonymous_2)
FNDA:0,(anonymous_3)
FNDA:0,(anonymous_4)
FNDA:0,(anonymous_5)
FNDA:0,(anonymous_6)
DA:1,1
DA:2,1
DA:4,1
DA:5,1
DA:7,1
DA:8,1
DA:11,1
DA:12,0
DA:14,0
DA:18,1
DA:19,0
DA:23,0
DA:24,0
DA:25,0
DA:29,1
DA:30,0
DA:31,0
DA:32,0
DA:37,0
DA:41,1
DA:42,0
DA:43,0
DA:45,0
DA:51,0
DA:55,1
DA:56,0
DA:59,0
DA:60,0
DA:61,0
DA:65,1
DA:66,0
DA:67,0
DA:69,0
DA:70,0
DA:72,0
DA:73,0
DA:74,0
DA:75,0
DA:77,0
DA:79,0
DA:92,0
DA:94,0
DA:98,1
DA:99,0
DA:100,0
DA:101,0
DA:102,0
DA:104,0
DA:106,0
DA:120,0
DA:121,0
DA:124,0
DA:127,1
LF:53
LH:14
BRDA:23,0,0,0
BRDA:23,0,1,0
BRDA:59,1,0,0
BRDA:59,1,1,0
BRDA:67,2,0,0
BRDA:67,2,1,0
BRDA:70,3,0,0
BRDA:70,3,1,0
BRDA:73,4,0,0
BRDA:73,4,1,0
BRDA:73,5,0,0
BRDA:73,5,1,0
BRDA:100,6,0,0
BRDA:100,6,1,0
BRDA:100,7,0,0
BRDA:100,7,1,0
BRDA:120,8,0,0
BRDA:120,8,1,0
BRF:18
BRH:0
end_of_record
TN:
SF:routes\search.js
FN:9,(anonymous_0)
FN:19,(anonymous_1)
FNF:2
FNH:0
FNDA:0,(anonymous_0)
FNDA:0,(anonymous_1)
DA:1,1
DA:2,1
DA:3,1
DA:5,1
DA:6,1
DA:9,1
DA:10,0
DA:12,0
DA:15,0
DA:19,1
DA:20,0
DA:22,0
DA:26,0
DA:27,0
DA:28,0
DA:29,0
DA:34,0
DA:36,0
DA:39,1
LF:19
LH:8
BRF:0
BRH:0
end_of_record
TN:
SF:routes\users.js
FN:13,(anonymous_0)
FN:19,(anonymous_1)
FN:25,(anonymous_2)
FN:63,(anonymous_3)
FN:89,(anonymous_4)
FN:103,(anonymous_5)
FN:116,(anonymous_6)
FNF:7
FNH:0
FNDA:0,(anonymous_0)
FNDA:0,(anonymous_1)
FNDA:0,(anonymous_2)
FNDA:0,(anonymous_3)
FNDA:0,(anonymous_4)
FNDA:0,(anonymous_5)
FNDA:0,(anonymous_6)
DA:1,1
DA:2,1
DA:4,1
DA:5,1
DA:6,1
DA:7,1
DA:9,1
DA:10,1
DA:13,1
DA:14,0
DA:15,0
DA:19,1
DA:20,0
DA:21,0
DA:25,1
DA:26,0
DA:27,0
DA:29,0
DA:30,0
DA:32,0
DA:42,0
DA:43,0
DA:45,0
DA:47,0
DA:48,0
DA:63,1
DA:64,0
DA:65,0
DA:66,0
DA:67,0
DA:69,0
DA:72,0
DA:83,0
DA:85,0
DA:89,1
DA:90,0
DA:97,0
DA:99,0
DA:103,1
DA:105,0
DA:106,0
DA:108,0
DA:112,0
DA:116,1
DA:117,0
DA:122,0
DA:124,0
DA:127,1
LF:48
LH:16
BRDA:27,0,0,0
BRDA:27,0,1,0
BRDA:30,1,0,0
BRDA:30,1,1,0
BRDA:65,2,0,0
BRDA:65,2,1,0
BRDA:65,3,0,0
BRDA:65,3,1,0
BRDA:83,4,0,0
BRDA:83,4,1,0
BRDA:97,5,0,0
BRDA:97,5,1,0
BRDA:122,6,0,0
BRDA:122,6,1,0
BRF:14
BRH:0
end_of_record
TN:
SF:startup\config.js
FN:3,(anonymous_0)
FNF:1
FNH:1
FNDA:1,(anonymous_0)
DA:1,1
DA:3,1
DA:4,1
DA:5,0
DA:6,0
LF:5
LH:3
BRDA:4,0,0,0
BRDA:4,0,1,1
BRF:2
BRH:1
end_of_record
TN:
SF:startup\db.js
FN:4,(anonymous_0)
FN:16,(anonymous_1)
FN:19,(anonymous_2)
FNF:3
FNH:2
FNDA:1,(anonymous_0)
FNDA:1,(anonymous_1)
FNDA:0,(anonymous_2)
DA:1,1
DA:2,1
DA:4,1
DA:5,1
DA:6,1
DA:17,1
DA:19,0
LF:7
LH:6
BRF:0
BRH:0
end_of_record
TN:
SF:startup\logging.js
FN:4,(anonymous_0)
FN:6,(anonymous_1)
FN:13,(anonymous_2)
FNF:3
FNH:1
FNDA:1,(anonymous_0)
FNDA:0,(anonymous_1)
FNDA:0,(anonymous_2)
DA:1,1
DA:2,1
DA:4,1
DA:6,1
DA:7,0
DA:8,0
DA:9,0
DA:13,1
DA:14,0
DA:15,0
DA:16,0
DA:19,1
LF:12
LH:6
BRF:0
BRH:0
end_of_record
TN:
SF:startup\routes.js
FN:11,(anonymous_0)
FNF:1
FNH:1
FNDA:1,(anonymous_0)
DA:1,1
DA:2,1
DA:3,1
DA:4,1
DA:5,1
DA:6,1
DA:7,1
DA:9,1
DA:11,1
DA:12,1
DA:13,1
DA:14,1
DA:15,1
DA:16,1
DA:17,1
DA:18,1
DA:21,1
LF:17
LH:17
BRF:0
BRH:0
end_of_record
